<?xml version="1.0" encoding="UTF-8"?>
<!-- Generated by org.testng.reporters.JUnitReportReporter -->
<testsuite hostname="LTIN339106" name="com.qa.ac.test.OurBrandBannerSection" tests="1" failures="0" timestamp="25 Oct 2021 04:10:46 GMT" time="25.012" errors="0">
  <testcase name="ourBrandCategory" time="25.012" classname="com.qa.ac.test.OurBrandBannerSection"/>
</testsuite> <!-- com.qa.ac.test.OurBrandBannerSection -->
