<?xml version="1.0" encoding="UTF-8"?>
<!-- Generated by org.testng.reporters.JUnitReportReporter -->
<testsuite hostname="LTIN339106" name="com.qa.ac.test.Register" tests="1" failures="0" timestamp="13 Nov 2021 11:00:49 GMT" time="8.186" errors="0">
  <testcase name="register" time="8.186" classname="com.qa.ac.test.Register"/>
</testsuite> <!-- com.qa.ac.test.Register -->
