<?xml version="1.0" encoding="UTF-8"?>
<!-- Generated by org.testng.reporters.JUnitReportReporter -->
<testsuite hostname="LTIN339106" name="com.qa.ac.test.SignUp" tests="1" failures="0" timestamp="5 Nov 2021 05:28:44 GMT" time="4.225" errors="0">
  <testcase name="signUp" time="4.225" classname="com.qa.ac.test.SignUp"/>
</testsuite> <!-- com.qa.ac.test.SignUp -->
