<?xml version="1.0" encoding="UTF-8"?>
<!-- Generated by org.testng.reporters.JUnitReportReporter -->
<testsuite hostname="LTIN339106" name="com.qa.ac.test.OurBrandBannerBabyCare" tests="1" failures="0" timestamp="26 Oct 2021 08:04:18 GMT" time="10.418" errors="0">
  <testcase name="ourBrandCategory" time="10.418" classname="com.qa.ac.test.OurBrandBannerBabyCare"/>
</testsuite> <!-- com.qa.ac.test.OurBrandBannerBabyCare -->
