<?xml version="1.0" encoding="UTF-8"?>
<!-- Generated by org.testng.reporters.JUnitReportReporter -->
<testsuite hostname="LTIN339106" name="com.qa.ac.test.OurCompany" tests="1" failures="0" timestamp="22 Nov 2021 17:04:27 GMT" time="28.981" errors="0">
  <testcase name="ourCompany" time="28.981" classname="com.qa.ac.test.OurCompany"/>
</testsuite> <!-- com.qa.ac.test.OurCompany -->
