<?xml version="1.0" encoding="UTF-8"?>
<!-- Generated by org.testng.reporters.JUnitReportReporter -->
<testsuite hostname="EC2AMAZ-NBHGU65" failures="0" tests="1" name="com.qa.ac.test.VerifyHomepage" time="163.983" errors="0" timestamp="2022-03-10T07:22:31 UTC" skipped="0">
  <testcase classname="com.qa.ac.test.VerifyHomepage" name="verifyTitle" time="163.983"/>
  <system-out>
    <![CDATA[Adult Incontinence Products | Attends]]>
  </system-out>
</testsuite> <!-- com.qa.ac.test.VerifyHomepage -->
